android/app/build/intermediates/manifest_merge_blame_file/debug/manifest-merger-blame-debug-report.txt
1<?xml version="1.0" encoding="utf-8"?>
2<manifest xmlns:android="http://schemas.android.com/apk/res/android"
3    package="com.mypaymentrazorpay"
4    android:versionCode="1"
5    android:versionName="1.0" >
6
7    <uses-sdk
8        android:minSdkVersion="21"
9        android:targetSdkVersion="31" />
10
11    <uses-permission android:name="android.permission.SYSTEM_ALERT_WINDOW" />
11-->src\debug\AndroidManifest.xml:5:5-77
11-->src\debug\AndroidManifest.xml:5:22-75
12    <uses-permission android:name="android.permission.INTERNET" />
12-->src\main\AndroidManifest.xml:4:5-67
12-->src\main\AndroidManifest.xml:4:22-64
13    <uses-permission android:name="android.permission.ACCESS_WIFI_STATE" />
13-->[com.facebook.flipper:flipper:0.125.0] AndroidManifest.xml:16:5-76
13-->[com.facebook.flipper:flipper:0.125.0] AndroidManifest.xml:16:22-73
14
15    <queries>
15-->[com.razorpay:checkout:1.6.24] AndroidManifest.xml:11:5-37:15
16        <intent>
16-->[com.razorpay:checkout:1.6.24] AndroidManifest.xml:12:9-18:18
17            <action android:name="android.intent.action.VIEW" />
17-->[com.razorpay:checkout:1.6.24] AndroidManifest.xml:13:13-65
17-->[com.razorpay:checkout:1.6.24] AndroidManifest.xml:13:21-62
18
19            <data
19-->[com.razorpay:checkout:1.6.24] AndroidManifest.xml:15:13-17:38
20                android:mimeType="*/*"
20-->[com.razorpay:checkout:1.6.24] AndroidManifest.xml:16:17-39
21                android:scheme="*" />
21-->[com.razorpay:checkout:1.6.24] AndroidManifest.xml:17:17-35
22        </intent>
23        <intent>
23-->[com.razorpay:checkout:1.6.24] AndroidManifest.xml:19:9-28:18
24            <action android:name="android.intent.action.VIEW" />
24-->[com.razorpay:checkout:1.6.24] AndroidManifest.xml:13:13-65
24-->[com.razorpay:checkout:1.6.24] AndroidManifest.xml:13:21-62
25
26            <category android:name="android.intent.category.BROWSABLE" />
26-->[com.razorpay:checkout:1.6.24] AndroidManifest.xml:22:13-74
26-->[com.razorpay:checkout:1.6.24] AndroidManifest.xml:22:23-71
27
28            <data
28-->[com.razorpay:checkout:1.6.24] AndroidManifest.xml:15:13-17:38
29                android:host="pay"
30                android:mimeType="*/*"
30-->[com.razorpay:checkout:1.6.24] AndroidManifest.xml:16:17-39
31                android:scheme="upi" />
31-->[com.razorpay:checkout:1.6.24] AndroidManifest.xml:17:17-35
32        </intent>
33        <intent>
33-->[com.razorpay:checkout:1.6.24] AndroidManifest.xml:29:9-31:18
34            <action android:name="android.intent.action.MAIN" />
34-->src\main\AndroidManifest.xml:21:13-65
34-->src\main\AndroidManifest.xml:21:21-62
35        </intent>
36        <intent>
36-->[com.razorpay:checkout:1.6.24] AndroidManifest.xml:32:9-36:18
37            <action android:name="android.intent.action.SEND" />
37-->[com.razorpay:checkout:1.6.24] AndroidManifest.xml:33:13-65
37-->[com.razorpay:checkout:1.6.24] AndroidManifest.xml:33:21-62
38
39            <data android:mimeType="*/*" />
39-->[com.razorpay:checkout:1.6.24] AndroidManifest.xml:15:13-17:38
39-->[com.razorpay:checkout:1.6.24] AndroidManifest.xml:16:17-39
40        </intent>
41    </queries> <!-- Include required permissions for Google Maps API to run. -->
42    <uses-permission android:name="android.permission.ACCESS_NETWORK_STATE" />
42-->[com.google.android.gms:play-services-maps:17.0.0] AndroidManifest.xml:23:5-79
42-->[com.google.android.gms:play-services-maps:17.0.0] AndroidManifest.xml:23:22-76
43
44    <uses-feature
44-->[com.google.android.gms:play-services-maps:17.0.0] AndroidManifest.xml:26:5-28:35
45        android:glEsVersion="0x00020000"
45-->[com.google.android.gms:play-services-maps:17.0.0] AndroidManifest.xml:27:9-41
46        android:required="true" />
46-->[com.google.android.gms:play-services-maps:17.0.0] AndroidManifest.xml:28:9-32
47
48    <application
48-->src\main\AndroidManifest.xml:6:5-25:19
49        android:name="com.mypaymentrazorpay.MainApplication"
49-->src\main\AndroidManifest.xml:7:7-38
50        android:allowBackup="false"
50-->src\main\AndroidManifest.xml:11:7-34
51        android:appComponentFactory="androidx.core.app.CoreComponentFactory"
51-->[androidx.core:core:1.5.0] AndroidManifest.xml:24:18-86
52        android:debuggable="true"
53        android:icon="@mipmap/ic_launcher"
53-->src\main\AndroidManifest.xml:9:7-41
54        android:label="@string/app_name"
54-->src\main\AndroidManifest.xml:8:7-39
55        android:roundIcon="@mipmap/ic_launcher_round"
55-->src\main\AndroidManifest.xml:10:7-52
56        android:theme="@style/AppTheme"
56-->src\main\AndroidManifest.xml:12:7-38
57        android:usesCleartextTraffic="true" >
57-->src\debug\AndroidManifest.xml:8:9-44
58        <activity
58-->src\debug\AndroidManifest.xml:11:9-111
59            android:name="com.facebook.react.devsupport.DevSettingsActivity"
59-->src\debug\AndroidManifest.xml:11:19-83
60            android:exported="false" />
60-->src\debug\AndroidManifest.xml:11:84-108
61        <activity
61-->src\main\AndroidManifest.xml:13:7-24:18
62            android:name="com.mypaymentrazorpay.MainActivity"
62-->src\main\AndroidManifest.xml:14:9-37
63            android:configChanges="keyboard|keyboardHidden|orientation|screenLayout|screenSize|smallestScreenSize|uiMode"
63-->src\main\AndroidManifest.xml:16:9-118
64            android:exported="true"
64-->src\main\AndroidManifest.xml:19:9-32
65            android:label="@string/app_name"
65-->src\main\AndroidManifest.xml:15:9-41
66            android:launchMode="singleTask"
66-->src\main\AndroidManifest.xml:17:9-40
67            android:windowSoftInputMode="adjustResize" >
67-->src\main\AndroidManifest.xml:18:9-51
68            <intent-filter>
68-->src\main\AndroidManifest.xml:20:9-23:25
69                <action android:name="android.intent.action.MAIN" />
69-->src\main\AndroidManifest.xml:21:13-65
69-->src\main\AndroidManifest.xml:21:21-62
70
71                <category android:name="android.intent.category.LAUNCHER" />
71-->src\main\AndroidManifest.xml:22:13-73
71-->src\main\AndroidManifest.xml:22:23-70
72            </intent-filter>
73        </activity>
74        <activity
74-->[:react-native-razorpay] AndroidManifest.xml:10:9-12:86
75            android:name="com.razorpay.CheckoutActivity"
75-->[:react-native-razorpay] AndroidManifest.xml:11:13-57
76            android:configChanges="keyboard|keyboardHidden|orientation|screenSize"
76-->[:react-native-razorpay] AndroidManifest.xml:12:13-83
77            android:exported="true"
77-->[com.razorpay:checkout:1.6.24] AndroidManifest.xml:51:13-36
78            android:theme="@style/CheckoutTheme" >
78-->[com.razorpay:checkout:1.6.24] AndroidManifest.xml:52:13-49
79            <intent-filter>
79-->[com.razorpay:checkout:1.6.24] AndroidManifest.xml:53:13-59:29
80                <action android:name="android.intent.action.MAIN" />
80-->src\main\AndroidManifest.xml:21:13-65
80-->src\main\AndroidManifest.xml:21:21-62
81
82                <data
82-->[com.razorpay:checkout:1.6.24] AndroidManifest.xml:15:13-17:38
83                    android:host="rzp.io"
84                    android:scheme="io.rzp" />
84-->[com.razorpay:checkout:1.6.24] AndroidManifest.xml:17:17-35
85            </intent-filter>
86        </activity>
87
88        <receiver
88-->[com.razorpay:checkout:1.6.24] AndroidManifest.xml:40:9-46:20
89            android:name="com.razorpay.RzpTokenReceiver"
89-->[com.razorpay:checkout:1.6.24] AndroidManifest.xml:41:13-57
90            android:exported="false" >
90-->[com.razorpay:checkout:1.6.24] AndroidManifest.xml:42:13-37
91            <intent-filter>
91-->[com.razorpay:checkout:1.6.24] AndroidManifest.xml:43:13-45:29
92                <action android:name="rzp.device_token.share" />
92-->[com.razorpay:checkout:1.6.24] AndroidManifest.xml:44:17-65
92-->[com.razorpay:checkout:1.6.24] AndroidManifest.xml:44:25-62
93            </intent-filter>
94        </receiver>
95
96        <meta-data
96-->[com.razorpay:checkout:1.6.24] AndroidManifest.xml:62:9-64:58
97            android:name="com.razorpay.plugin.googlepay_all"
97-->[com.razorpay:checkout:1.6.24] AndroidManifest.xml:63:13-61
98            android:value="com.razorpay.RzpGpayMerged" />
98-->[com.razorpay:checkout:1.6.24] AndroidManifest.xml:64:13-55
99
100        <activity
100-->[com.google.android.gms:play-services-auth:17.0.0] AndroidManifest.xml:23:9-27:75
101            android:name="com.google.android.gms.auth.api.signin.internal.SignInHubActivity"
101-->[com.google.android.gms:play-services-auth:17.0.0] AndroidManifest.xml:24:13-93
102            android:excludeFromRecents="true"
102-->[com.google.android.gms:play-services-auth:17.0.0] AndroidManifest.xml:25:13-46
103            android:exported="false"
103-->[com.google.android.gms:play-services-auth:17.0.0] AndroidManifest.xml:26:13-37
104            android:theme="@android:style/Theme.Translucent.NoTitleBar" />
104-->[com.google.android.gms:play-services-auth:17.0.0] AndroidManifest.xml:27:13-72
105        <!--
106            Service handling Google Sign-In user revocation. For apps that do not integrate with
107            Google Sign-In, this service will never be started.
108        -->
109        <service
109-->[com.google.android.gms:play-services-auth:17.0.0] AndroidManifest.xml:33:9-36:110
110            android:name="com.google.android.gms.auth.api.signin.RevocationBoundService"
110-->[com.google.android.gms:play-services-auth:17.0.0] AndroidManifest.xml:34:13-89
111            android:exported="true"
111-->[com.google.android.gms:play-services-auth:17.0.0] AndroidManifest.xml:35:13-36
112            android:permission="com.google.android.gms.auth.api.signin.permission.REVOCATION_NOTIFICATION" /> <!-- Needs to be explicitly declared on P+ -->
112-->[com.google.android.gms:play-services-auth:17.0.0] AndroidManifest.xml:36:13-107
113        <uses-library
113-->[com.google.android.gms:play-services-maps:17.0.0] AndroidManifest.xml:33:9-35:40
114            android:name="org.apache.http.legacy"
114-->[com.google.android.gms:play-services-maps:17.0.0] AndroidManifest.xml:34:13-50
115            android:required="false" />
115-->[com.google.android.gms:play-services-maps:17.0.0] AndroidManifest.xml:35:13-37
116
117        <activity
117-->[com.google.android.gms:play-services-base:17.5.0] AndroidManifest.xml:23:9-26:75
118            android:name="com.google.android.gms.common.api.GoogleApiActivity"
118-->[com.google.android.gms:play-services-base:17.5.0] AndroidManifest.xml:24:13-79
119            android:exported="false"
119-->[com.google.android.gms:play-services-base:17.5.0] AndroidManifest.xml:25:13-37
120            android:theme="@android:style/Theme.Translucent.NoTitleBar" />
120-->[com.google.android.gms:play-services-base:17.5.0] AndroidManifest.xml:26:13-72
121
122        <meta-data
122-->[com.google.android.gms:play-services-basement:17.6.0] AndroidManifest.xml:23:9-25:69
123            android:name="com.google.android.gms.version"
123-->[com.google.android.gms:play-services-basement:17.6.0] AndroidManifest.xml:24:13-58
124            android:value="@integer/google_play_services_version" />
124-->[com.google.android.gms:play-services-basement:17.6.0] AndroidManifest.xml:25:13-66
125    </application>
126
127</manifest>